<?xml version="1.0" encoding="UTF-8"?>
<!-- Generated by org.testng.reporters.JUnitXMLReporter -->
<testsuite hostname="Y-PC" name="Test1" tests="1" failures="0" timestamp="29 Oct 2014 14:09:23 GMT" time="0.343" errors="0">
  <testcase name="@BeforeMethod initWebDriver" time="0.0" classname="com.youtube.LoginTest">
    <failure type="java.lang.Error" message="Could not connect to WebDriver hub">
      <![CDATA[java.lang.Error: Could not connect to WebDriver hub
	at ru.stqa.selenium.factory.WebDriverFactoryInternal.createRemoteDriver(WebDriverFactoryInternal.java:67)
	at ru.stqa.selenium.factory.WebDriverFactoryInternal.newDriver(WebDriverFactoryInternal.java:59)
	at ru.stqa.selenium.factory.ThreadLocalSingletonStorage.createNewDriver(ThreadLocalSingletonStorage.java:91)
	at ru.stqa.selenium.factory.ThreadLocalSingletonStorage.getDriver(ThreadLocalSingletonStorage.java:36)
	at ru.stqa.selenium.factory.WebDriverFactory.getDriver(WebDriverFactory.java:35)
	at com.youtube.TestNgTestBase.initWebDriver(TestNgTestBase.java:41)
Caused by: java.net.MalformedURLException: no protocol: ${grid.url}
	at java.net.URL.<init>(URL.java:585)
	at java.net.URL.<init>(URL.java:482)
	at java.net.URL.<init>(URL.java:431)
	at ru.stqa.selenium.factory.WebDriverFactoryInternal.createRemoteDriver(WebDriverFactoryInternal.java:64)
	... 34 more
... Removed 29 stack frames]]>
    </failure>
  </testcase> <!-- @BeforeMethod initWebDriver -->
  <testcase name="testLogin" time="0.01" classname="com.youtube.LoginTest">
    <skipped/>
  </testcase> <!-- testLogin -->
</testsuite> <!-- Test1 -->
